# JRE version: OpenJDK Runtime Environment Temurin-17.0.3+7 (17.0.3+7) (build 17.0.3+7)
# Java VM: OpenJDK 64-Bit Server VM Temurin-17.0.3+7 (17.0.3+7, mixed mode, tiered, compressed oops, compressed class ptrs, g1 gc, windows-amd64)
GC Precious Log:
 CPUs: 4 total, 4 available
 Memory: 8109M
 Large Page Support: Disabled
 NUMA Support: Disabled
 Compressed Oops: Enabled (32-bit)
 Heap Region Size: 1M
 Heap Min Capacity: 8M
 Heap Initial Capacity: 128M
 Heap Max Capacity: 2028M
 Pre-touch: Disabled
 Parallel Workers: 4
 Concurrent Workers: 1
 Concurrent Refinement Workers: 4
 Periodic GC: Disabled
Heap:
 garbage-first heap   total 40960K, used 28950K [0x0000000081400000, 0x0000000100000000)
  region size 1024K, 11 young (11264K), 1 survivors (1024K)
 Metaspace       used 52251K, committed 52672K, reserved 1097728K
  class space    used 6676K, committed 6848K, reserved 1048576K
GC Heap History (20 events):
Event: 7.766 GC heap before
{Heap before GC invocations=13 (full 0):
 garbage-first heap   total 37888K, used 27000K [0x0000000081400000, 0x0000000100000000)
  region size 1024K, 13 young (13312K), 2 survivors (2048K)
 Metaspace       used 38791K, committed 39104K, reserved 1089536K
  class space    used 4660K, committed 4800K, reserved 1048576K
}
Event: 7.771 GC heap after
{Heap after GC invocations=14 (full 0):
 garbage-first heap   total 37888K, used 17219K [0x0000000081400000, 0x0000000100000000)
  region size 1024K, 1 young (1024K), 1 survivors (1024K)
 Metaspace       used 38791K, committed 39104K, reserved 1089536K
  class space    used 4660K, committed 4800K, reserved 1048576K
}
Event: 8.328 GC heap before
{Heap before GC invocations=14 (full 0):
 garbage-first heap   total 37888K, used 28483K [0x0000000081400000, 0x0000000100000000)
  region size 1024K, 12 young (12288K), 1 survivors (1024K)
 Metaspace       used 41632K, committed 41920K, reserved 1089536K
  class space    used 5065K, committed 5184K, reserved 1048576K
}
Event: 8.332 GC heap after
{Heap after GC invocations=15 (full 0):
 garbage-first heap   total 37888K, used 17767K [0x0000000081400000, 0x0000000100000000)
  region size 1024K, 2 young (2048K), 2 survivors (2048K)
 Metaspace       used 41632K, committed 41920K, reserved 1089536K
  class space    used 5065K, committed 5184K, reserved 1048576K
}
Event: 8.817 GC heap before
{Heap before GC invocations=16 (full 0):
 garbage-first heap   total 37888K, used 28007K [0x0000000081400000, 0x0000000100000000)
  region size 1024K, 12 young (12288K), 2 survivors (2048K)
 Metaspace       used 44365K, committed 44608K, reserved 1089536K
  class space    used 5606K, committed 5696K, reserved 1048576K
}
Event: 8.820 GC heap after
{Heap after GC invocations=17 (full 0):
 garbage-first heap   total 37888K, used 18313K [0x0000000081400000, 0x0000000100000000)
  region size 1024K, 2 young (2048K), 2 survivors (2048K)
 Metaspace       used 44365K, committed 44608K, reserved 1089536K
  class space    used 5606K, committed 5696K, reserved 1048576K
}
Event: 9.282 GC heap before
{Heap before GC invocations=17 (full 0):
 garbage-first heap   total 37888K, used 29577K [0x0000000081400000, 0x0000000100000000)
  region size 1024K, 13 young (13312K), 2 survivors (2048K)
 Metaspace       used 47675K, committed 48064K, reserved 1097728K
  class space    used 6078K, committed 6272K, reserved 1048576K
}
Event: 9.285 GC heap after
{Heap after GC invocations=18 (full 0):
 garbage-first heap   total 37888K, used 18940K [0x0000000081400000, 0x0000000100000000)
  region size 1024K, 2 young (2048K), 2 survivors (2048K)
 Metaspace       used 47675K, committed 48064K, reserved 1097728K
  class space    used 6078K, committed 6272K, reserved 1048576K
}
Event: 10.171 GC heap before
{Heap before GC invocations=19 (full 0):
 garbage-first heap   total 37888K, used 28156K [0x0000000081400000, 0x0000000100000000)
  region size 1024K, 12 young (12288K), 2 survivors (2048K)
 Metaspace       used 48922K, committed 49280K, reserved 1097728K
  class space    used 6275K, committed 6464K, reserved 1048576K
}
Event: 10.177 GC heap after
{Heap after GC invocations=20 (full 0):
 garbage-first heap   total 37888K, used 20106K [0x0000000081400000, 0x0000000100000000)
  region size 1024K, 2 young (2048K), 2 survivors (2048K)
 Metaspace       used 48922K, committed 49280K, reserved 1097728K
  class space    used 6275K, committed 6464K, reserved 1048576K
}
Event: 10.852 GC heap before
{Heap before GC invocations=20 (full 0):
 garbage-first heap   total 37888K, used 29322K [0x0000000081400000, 0x0000000100000000)
  region size 1024K, 12 young (12288K), 2 survivors (2048K)
 Metaspace       used 50366K, committed 50752K, reserved 1097728K
  class space    used 6474K, committed 6656K, reserved 1048576K
}
Event: 10.858 GC heap after
{Heap after GC invocations=21 (full 0):
 garbage-first heap   total 37888K, used 21249K [0x0000000081400000, 0x0000000100000000)
  region size 1024K, 2 young (2048K), 2 survivors (2048K)
 Metaspace       used 50366K, committed 50752K, reserved 1097728K
  class space    used 6474K, committed 6656K, reserved 1048576K
}
Event: 38.979 GC heap before
{Heap before GC invocations=22 (full 0):
 garbage-first heap   total 40960K, used 27393K [0x0000000081400000, 0x0000000100000000)
  region size 1024K, 10 young (10240K), 2 survivors (2048K)
 Metaspace       used 51487K, committed 51840K, reserved 1097728K
  class space    used 6624K, committed 6784K, reserved 1048576K
}
Event: 39.023 GC heap after
{Heap after GC invocations=23 (full 1):
 garbage-first heap   total 40960K, used 17497K [0x0000000081400000, 0x0000000100000000)
  region size 1024K, 0 young (0K), 0 survivors (0K)
 Metaspace       used 51487K, committed 51840K, reserved 1097728K
  class space    used 6624K, committed 6784K, reserved 1048576K
}
Event: 40.366 GC heap before
{Heap before GC invocations=23 (full 1):
 garbage-first heap   total 40960K, used 30809K [0x0000000081400000, 0x0000000100000000)
  region size 1024K, 13 young (13312K), 0 survivors (0K)
 Metaspace       used 51594K, committed 52032K, reserved 1097728K
  class space    used 6629K, committed 6848K, reserved 1048576K
}
Event: 40.369 GC heap after
{Heap after GC invocations=24 (full 1):
 garbage-first heap   total 40960K, used 18988K [0x0000000081400000, 0x0000000100000000)
  region size 1024K, 2 young (2048K), 2 survivors (2048K)
 Metaspace       used 51594K, committed 52032K, reserved 1097728K
  class space    used 6629K, committed 6848K, reserved 1048576K
}
Event: 42.911 GC heap before
{Heap before GC invocations=25 (full 1):
 garbage-first heap   total 40960K, used 29228K [0x0000000081400000, 0x0000000100000000)
  region size 1024K, 13 young (13312K), 2 survivors (2048K)
 Metaspace       used 51797K, committed 52160K, reserved 1097728K
  class space    used 6631K, committed 6848K, reserved 1048576K
}
Event: 42.915 GC heap after
{Heap after GC invocations=26 (full 1):
 garbage-first heap   total 40960K, used 19865K [0x0000000081400000, 0x0000000100000000)
  region size 1024K, 2 young (2048K), 2 survivors (2048K)
 Metaspace       used 51797K, committed 52160K, reserved 1097728K
  class space    used 6631K, committed 6848K, reserved 1048576K
}
Event: 44.623 GC heap before
{Heap before GC invocations=26 (full 1):
 garbage-first heap   total 40960K, used 29081K [0x0000000081400000, 0x0000000100000000)
  region size 1024K, 12 young (12288K), 2 survivors (2048K)
 Metaspace       used 52070K, committed 52416K, reserved 1097728K
  class space    used 6655K, committed 6848K, reserved 1048576K
}
Event: 44.625 GC heap after
{Heap after GC invocations=27 (full 1):
 garbage-first heap   total 40960K, used 19734K [0x0000000081400000, 0x0000000100000000)
  region size 1024K, 1 young (1024K), 1 survivors (1024K)
 Metaspace       used 52070K, committed 52416K, reserved 1097728K
  class space    used 6655K, committed 6848K, reserved 1048576K
}

